c:\users\angela\git\glut\glut-3.7.6-bin\debug\vc140.pdb
c:\users\angela\git\glut\glut-3.7.6-bin\debug\vc140.idb
c:\users\angela\git\glut\glut-3.7.6-bin\debug\camera.obj
c:\users\angela\git\glut\glut-3.7.6-bin\debug\matrix4.obj
c:\users\angela\git\glut\glut-3.7.6-bin\debug\window.obj
c:\users\angela\git\glut\glut-3.7.6-bin\debug\globals.obj
c:\users\angela\git\glut\glut-3.7.6-bin\debug\objobject.obj
c:\users\angela\git\glut\glut-3.7.6-bin\debug\cube.obj
c:\users\angela\git\glut\glut-3.7.6-bin\debug\main.obj
c:\users\angela\git\glut\glut-3.7.6-bin\debug\house.obj
c:\users\angela\git\glut\glut-3.7.6-bin\debug\cube.ilk
c:\users\angela\git\glut\glut-3.7.6-bin\debug\cube.exe
c:\users\angela\git\glut\glut-3.7.6-bin\debug\cube.pdb
c:\users\angela\git\glut\glut-3.7.6-bin\debug\bear.obj
c:\users\angela\git\glut\glut-3.7.6-bin\debug\bunny.obj
c:\users\angela\git\glut\glut-3.7.6-bin\debug\color.obj
c:\users\angela\git\glut\glut-3.7.6-bin\debug\dragon.obj
c:\users\angela\git\glut\glut-3.7.6-bin\debug\drawable.obj
c:\users\angela\git\glut\glut-3.7.6-bin\debug\drawdata.obj
c:\users\angela\git\glut\glut-3.7.6-bin\debug\light.obj
c:\users\angela\git\glut\glut-3.7.6-bin\debug\material.obj
c:\users\angela\git\glut\glut-3.7.6-bin\debug\mathtestbench.obj
c:\users\angela\git\glut\glut-3.7.6-bin\debug\sphere.obj
c:\users\angela\git\glut\glut-3.7.6-bin\debug\texture.obj
c:\users\angela\git\glut\glut-3.7.6-bin\debug\updatedata.obj
c:\users\angela\git\glut\glut-3.7.6-bin\debug\vector3.obj
c:\users\angela\git\glut\glut-3.7.6-bin\debug\vector4.obj
c:\users\angela\git\glut\glut-3.7.6-bin\debug\cube.tlog\cl.command.1.tlog
c:\users\angela\git\glut\glut-3.7.6-bin\debug\cube.tlog\cl.read.1.tlog
c:\users\angela\git\glut\glut-3.7.6-bin\debug\cube.tlog\cl.write.1.tlog
c:\users\angela\git\glut\glut-3.7.6-bin\debug\cube.tlog\link.command.1.tlog
c:\users\angela\git\glut\glut-3.7.6-bin\debug\cube.tlog\link.read.1.tlog
c:\users\angela\git\glut\glut-3.7.6-bin\debug\cube.tlog\link.write.1.tlog
