Build started 12/5/2015 10:58:55 PM.
     1>Project "E:\glutfinal\Cube.vcxproj" on node 2 (Build target(s)).
     1>ClCompile:
         C:\Program Files (x86)\Microsoft Visual Studio 12.0\VC\bin\CL.exe /c /Zi /nologo /W3 /WX- /O2 /Oy- /D WIN32 /D NDEBUG /D _CONSOLE /Gm- /EHsc /MD /GS /fp:precise /Zc:wchar_t /Zc:forScope /Fo"Release\\" /Fd"Release\vc120.pdb" /Gd /TP /analyze- /errorReport:prompt Cube2.cpp main.cpp RobotWindow.cpp Sphere2.cpp Window.cpp
         Cube2.cpp
         main.cpp
         RobotWindow.cpp
         Sphere2.cpp
         Window.cpp
     1>Window.cpp(385): warning C4018: '<' : signed/unsigned mismatch
     1>Window.cpp(689): warning C4018: '<' : signed/unsigned mismatch
         Generating Code...
       Link:
         C:\Program Files (x86)\Microsoft Visual Studio 12.0\VC\bin\link.exe /ERRORREPORT:PROMPT /OUT:"Release\Cube.exe" /INCREMENTAL /NOLOGO /LIBPATH:"E:\glut-3.7.6-bin" kernel32.lib user32.lib gdi32.lib winspool.lib comdlg32.lib advapi32.lib shell32.lib ole32.lib oleaut32.lib uuid.lib odbc32.lib odbccp32.lib GLee.lib kernel32.lib user32.lib gdi32.lib winspool.lib comdlg32.lib advapi32.lib shell32.lib ole32.lib oleaut32.lib uuid.lib odbc32.lib odbccp32.lib /NODEFAULTLIB:LIBC.lib /MANIFEST /MANIFESTUAC:"level='asInvoker' uiAccess='false'" /manifest:embed /DEBUG /PDB:"Release\Cube.pdb" /SUBSYSTEM:CONSOLE /OPT:REF /OPT:ICF /TLBID:1 /DYNAMICBASE /NXCOMPAT /IMPLIB:"Release\Cube.lib" /MACHINE:X86 /SAFESEH Release\Cube2.obj
         Release\FinalWindow.obj
         Release\Flag.obj
         Release\FrustumG.obj
         Release\Geode.obj
         Release\Group.obj
         Release\House.obj
         Release\main.obj
         Release\Camera.obj
         Release\Color.obj
         Release\Cube.obj
         Release\Light.obj
         Release\Material.obj
         Release\Matrix4.obj
         Release\Drawable.obj
         Release\DrawData.obj
         Release\MatrixTransform.obj
         Release\Node.obj
         Release\Rasterize.obj
         Release\RobotWindow.obj
         Release\Shader.obj
         Release\Skybox.obj
         Release\Sphere.obj
         Release\Sphere2.obj
         Release\Texture.obj
         Release\UpdateData.obj
         Release\Vector3.obj
         Release\Vector4.obj
         Release\Window.obj
         Release\Globals.obj
         Release\MathTestBench.obj
         Release\OBJObject.obj
     1>LINK : warning LNK4075: ignoring '/INCREMENTAL' due to '/OPT:ICF' specification
         Cube.vcxproj -> E:\glutfinal\Release\Cube.exe
     1>Done Building Project "E:\glutfinal\Cube.vcxproj" (Build target(s)).

Build succeeded.

Time Elapsed 00:00:07.96
