e:\glutfinal\release\vc120.pdb
e:\glutfinal\release\shader.obj
e:\glutfinal\release\robotwindow.obj
e:\glutfinal\release\rasterize.obj
e:\glutfinal\release\node.obj
e:\glutfinal\release\matrixtransform.obj
e:\glutfinal\release\drawdata.obj
e:\glutfinal\release\drawable.obj
e:\glutfinal\release\matrix4.obj
e:\glutfinal\release\material.obj
e:\glutfinal\release\light.obj
e:\glutfinal\release\cube.obj
e:\glutfinal\release\color.obj
e:\glutfinal\release\camera.obj
e:\glutfinal\release\main.obj
e:\glutfinal\release\house.obj
e:\glutfinal\release\group.obj
e:\glutfinal\release\geode.obj
e:\glutfinal\release\frustumg.obj
e:\glutfinal\release\flag.obj
e:\glutfinal\release\cube2.obj
e:\glutfinal\release\objobject.obj
e:\glutfinal\release\mathtestbench.obj
e:\glutfinal\release\globals.obj
e:\glutfinal\release\window.obj
e:\glutfinal\release\vector4.obj
e:\glutfinal\release\vector3.obj
e:\glutfinal\release\updatedata.obj
e:\glutfinal\release\texture.obj
e:\glutfinal\release\sphere2.obj
e:\glutfinal\release\sphere.obj
e:\glutfinal\release\skybox.obj
e:\glutfinal\release\finalwindow.obj
e:\glutfinal\release\cube.exe
e:\glutfinal\release\cube.pdb
e:\glutfinal\release\shader.vert.obj
e:\glutfinal\release\cube.tlog\cl.read.1.tlog
e:\glutfinal\release\cube.tlog\link.read.1.tlog
e:\glutfinal\release\cube.tlog\cl.write.1.tlog
e:\glutfinal\release\cube.tlog\cl.command.1.tlog
e:\glutfinal\release\cube.tlog\link.write.1.tlog
e:\glutfinal\release\cube.tlog\link.command.1.tlog
